{
  "uid" : "1f71616893dac83c",
  "name" : "test_message_dissapeared_after_adding_product_to_basket",
  "fullName" : "module_5.test_product_page.TestProductPage#test_message_dissapeared_after_adding_product_to_basket",
  "historyId" : "561a9be4b2eef5a5b202c864442da3b9",
  "time" : {
    "start" : 1625156503281,
    "stop" : 1625156510996,
    "duration" : 7715
  },
  "status" : "skipped",
  "statusMessage" : "XFAIL\n\nAssertionError: Success message is presented, but should not be",
  "statusTrace" : "self = <module_5.test_product_page.TestProductPage object at 0x000001DA61630978>\nbrowser = <selenium.webdriver.chrome.webdriver.WebDriver (session=\"25130aa63c5a726d248113056a9f6ea9\")>\n\n    @pytest.mark.xfail\n    def test_message_dissapeared_after_adding_product_to_basket(self, browser):\n        #link = \"http://selenium1py.pythonanywhere.com/catalogue/coders-at-work_207/\"\n        page = ProductPage(browser, link)\n        page.open()\n        page.add_to_basket()\n>       page.should_dissapear_success_message()\n\nmodule_5\\test_product_page.py:38: \n_ _ _ _ _ _ _ _ _ _ _ _ _ _ _ _ _ _ _ _ _ _ _ _ _ _ _ _ _ _ _ _ _ _ _ _ _ _ _ _ _ _ _ _ _ _ _ _ _ _ _ _ _ _ _ _ _ _ _ _ _ _ _ _ _ _ _ _ _ _ _ _ _ _ _ _ _ _ _\n\nself = <module_5.pages.product_page.ProductPage object at 0x000001DA61630128>\n\n    def should_dissapear_success_message(self):\n        assert self.is_disappeared(*ProductPageLocators.SUCCESS_MESSAGE), \\\n>           \"Success message is presented, but should not be\"\nE       AssertionError: Success message is presented, but should not be\n\nmodule_5\\pages\\product_page.py:61: AssertionError",
  "flaky" : false,
  "newFailed" : false,
  "beforeStages" : [ {
    "name" : "browser",
    "time" : {
      "start" : 1625156465459,
      "stop" : 1625156466753,
      "duration" : 1294
    },
    "status" : "passed",
    "steps" : [ ],
    "attachments" : [ ],
    "parameters" : [ ],
    "attachmentsCount" : 0,
    "shouldDisplayMessage" : false,
    "hasContent" : false,
    "stepsCount" : 0
  } ],
  "afterStages" : [ {
    "name" : "browser::0",
    "time" : {
      "start" : 1625156537425,
      "stop" : 1625156539640,
      "duration" : 2215
    },
    "status" : "passed",
    "steps" : [ ],
    "attachments" : [ ],
    "parameters" : [ ],
    "attachmentsCount" : 0,
    "shouldDisplayMessage" : false,
    "hasContent" : false,
    "stepsCount" : 0
  } ],
  "labels" : [ {
    "name" : "tag",
    "value" : "@pytest.mark.xfail"
  }, {
    "name" : "parentSuite",
    "value" : "module_5"
  }, {
    "name" : "suite",
    "value" : "test_product_page"
  }, {
    "name" : "subSuite",
    "value" : "TestProductPage"
  }, {
    "name" : "host",
    "value" : "LAPTOP-K3HBGM89"
  }, {
    "name" : "thread",
    "value" : "18020-MainThread"
  }, {
    "name" : "framework",
    "value" : "pytest"
  }, {
    "name" : "language",
    "value" : "cpython3"
  }, {
    "name" : "package",
    "value" : "module_5.test_product_page"
  }, {
    "name" : "resultFormat",
    "value" : "allure2"
  } ],
  "parameters" : [ ],
  "links" : [ ],
  "hidden" : false,
  "retry" : false,
  "extra" : {
    "severity" : "normal",
    "retries" : [ ],
    "categories" : [ ],
    "tags" : [ "@pytest.mark.xfail" ]
  },
  "source" : "1f71616893dac83c.json",
  "parameterValues" : [ ]
}